<?xml version="1.0" encoding="UTF-8"?>
<!-- Generated by org.testng.reporters.JUnitReportReporter -->
<testsuite hostname="Garimas-MacBook.local" failures="0" tests="1" name="APITest.GetSingleRepo" time="2.430" errors="0" timestamp="2023-12-01T08:35:03 PST" skipped="0">
  <testcase classname="APITest.GetSingleRepo" name="GetSingleRepoPOJO" time="2.430"/>
  <system-out/>
</testsuite> <!-- APITest.GetSingleRepo -->
